N = 150
burn = 75
dim_like = 784
noise_var = 0.05
HMC acceptance ratio = 5.740531378251035e-06
st_size = [0.65841913 0.65841913 0.65841913 0.65841913 0.65841913 0.65841913
 0.65841913 0.65841913 0.65841913 0.65841913 0.65841913 0.65841913
 0.65841913 0.65841913 0.65841913 0.65841913 0.65841913 0.65841913
 0.65841913 0.65841913 0.65841913 0.65841913 0.65841913 0.65841913
 0.65841913 0.65841913 0.65841913 0.65841913 0.65841913 0.65841913
 0.65841913 0.65841913 0.65841913 0.65841913 0.65841913 0.65841913
 0.65841913 0.65841913 0.65841913 0.65841913 0.65841913 0.65841913
 0.65841913 0.65841913 0.65841913 0.65841913 0.65841913 0.65841913
 0.65841913 0.65841913 0.65841913 0.65841913 0.65841913 0.65841913
 0.65841913 0.65841913 0.65841913 0.65841913 0.65841913 0.65841913
 0.65841913 0.65841913 0.65841913 0.65841913 0.65841913 0.65841913
 0.65841913 0.65841913 0.65841913 0.65841913 0.65841913 0.65841913
 0.65841913 0.65841913 0.65841913 0.65841913 0.65841913 0.65841913
 0.65841913 0.65841913 0.65841913 0.65841913 0.65841913 0.65841913
 0.65841913 0.65841913 0.65841913 0.65841913 0.65841913 0.65841913
 0.65841913 0.65841913 0.65841913 0.65841913 0.65841913 0.65841913
 0.65841913 0.65841913 0.65841913 0.65841913 0.65841913 0.65841913
 0.65841913 0.65841913 0.65841913 0.65841913 0.65841913 0.65841913
 0.65841913 0.65841913 0.65841913 0.65841913 0.65841913 0.65841913
 0.65841913 0.65841913 0.65841913 0.65841913 0.65841913 0.65841913
 0.65841913 0.65841913 0.65841913 0.65841913 0.65841913 0.65841913
 0.65841913 0.65841913 0.65841913 0.65841913 0.65841913 0.65841913
 0.65841913 0.65841913 0.65841913 0.65841913 0.65841913 0.65841913
 0.65841913 0.65841913 0.65841913 0.65841913 0.65841913 0.65841913
 0.65841913 0.65841913 0.65841913 0.65841913 0.65841913 0.65841913]
MCMC time = 75.03412246704102 sec
