N = 150
burn = 75
dim_like = 784
noise_var = 0.05
HMC acceptance ratio = 0.006871352903544903
st_size = [0.65841913 0.65841913 0.65841913 0.65841913 0.65841913 0.65841913
 0.65841913 0.65841913 0.65841913 0.65841913 0.65841913 0.65841913
 0.65841913 0.65841913 0.65841913 0.65841913 0.65841913 0.65841913
 0.65841913 0.65841913 0.65841913 0.65841913 0.65841913 0.65841913
 0.65841913 0.65841913 0.65841913 0.65841913 0.65841913 0.65841913
 0.65841913 0.65841913 0.65841913 0.65841913 0.65841913 0.65841913
 0.65841913 0.65841913 0.65841913 0.65841913 0.65841913 0.65841913
 0.65841913 0.65841913 0.65841913 0.65841913 0.65841913 0.65841913
 0.65841913 0.65841913 0.65841913 0.65841913 0.65841913 0.65841913
 0.65841913 0.65841913 0.65841913 0.65841913 0.65841913 0.65841913
 0.65841913 0.65841913 0.65841913 0.65841913 0.65841913 0.65841913
 0.65841913 0.65841913 0.65841913 0.65841913 0.65841913 0.65841913
 0.65841913 0.65841913 0.65841913 0.65841913 0.65841913 0.65841913
 0.65841913 0.65841913 0.65841913 0.65841913 0.65841913 0.65841913
 0.65841913 0.65841913 0.65841913 0.65841913 0.65841913 0.65841913
 0.65841913 0.65841913 0.65841913 0.65841913 0.65841913 0.65841913
 0.65841913 0.65841913 0.65841913 0.65841913 0.65841913 0.65841913
 0.65841913 0.65841913 0.65841913 0.65841913 0.65841913 0.65841913
 0.65841913 0.65841913 0.65841913 0.65841913 0.65841913 0.65841913
 0.65841913 0.65841913 0.65841913 0.65841913 0.65841913 0.65841913
 0.65841913 0.65841913 0.65841913 0.65841913 0.65841913 0.65841913
 0.65841913 0.65841913 0.65841913 0.65841913 0.65841913 0.65841913
 0.65841913 0.65841913 0.65841913 0.65841913 0.65841913 0.65841913
 0.65841913 0.65841913 0.65841913 0.65841913 0.65841913 0.65841913
 0.65841913 0.65841913 0.65841913 0.65841913 0.65841913 0.65841913]
MCMC time = 75.88220572471619 sec
