N = 150
burn = 75
dim_like = 784
noise_var = 0.05
HMC acceptance ratio = 9.037220297614112e-05
st_size = [0.67165333 0.67165333 0.67165333 0.67165333 0.67165333 0.67165333
 0.67165333 0.67165333 0.67165333 0.67165333 0.67165333 0.67165333
 0.67165333 0.67165333 0.67165333 0.67165333 0.67165333 0.67165333
 0.67165333 0.67165333 0.67165333 0.67165333 0.67165333 0.67165333
 0.67165333 0.67165333 0.67165333 0.67165333 0.67165333 0.67165333
 0.67165333 0.67165333 0.67165333 0.67165333 0.67165333 0.67165333
 0.67165333 0.67165333 0.67165333 0.67165333 0.67165333 0.67165333
 0.67165333 0.67165333 0.67165333 0.67165333 0.67165333 0.67165333
 0.67165333 0.67165333 0.67165333 0.67165333 0.67165333 0.67165333
 0.67165333 0.67165333 0.67165333 0.67165333 0.67165333 0.67165333
 0.67165333 0.67165333 0.67165333 0.67165333 0.67165333 0.67165333
 0.67165333 0.67165333 0.67165333 0.67165333 0.67165333 0.67165333
 0.67165333 0.67165333 0.67165333 0.67165333 0.67165333 0.67165333
 0.67165333 0.67165333 0.67165333 0.67165333 0.67165333 0.67165333
 0.67165333 0.67165333 0.67165333 0.67165333 0.67165333 0.67165333
 0.67165333 0.67165333 0.67165333 0.67165333 0.67165333 0.67165333
 0.67165333 0.67165333 0.67165333 0.67165333 0.67165333 0.67165333
 0.67165333 0.67165333 0.67165333 0.67165333 0.67165333 0.67165333
 0.67165333 0.67165333 0.67165333 0.67165333 0.67165333 0.67165333
 0.67165333 0.67165333 0.67165333 0.67165333 0.67165333 0.67165333
 0.67165333 0.67165333 0.67165333 0.67165333 0.67165333 0.67165333
 0.67165333 0.67165333 0.67165333 0.67165333 0.67165333 0.67165333
 0.67165333 0.67165333 0.67165333 0.67165333 0.67165333 0.67165333
 0.67165333 0.67165333 0.67165333 0.67165333 0.67165333 0.67165333
 0.67165333 0.67165333 0.67165333 0.67165333 0.67165333 0.67165333]
MCMC time = 75.68614721298218 sec
