N = 150
burn = 75
dim_like = 784
noise_var = 0.05
HMC acceptance ratio = 0.008374512195587158
st_size = [0.64544564 0.64544564 0.64544564 0.64544564 0.64544564 0.64544564
 0.64544564 0.64544564 0.64544564 0.64544564 0.64544564 0.64544564
 0.64544564 0.64544564 0.64544564 0.64544564 0.64544564 0.64544564
 0.64544564 0.64544564 0.64544564 0.64544564 0.64544564 0.64544564
 0.64544564 0.64544564 0.64544564 0.64544564 0.64544564 0.64544564
 0.64544564 0.64544564 0.64544564 0.64544564 0.64544564 0.64544564
 0.64544564 0.64544564 0.64544564 0.64544564 0.64544564 0.64544564
 0.64544564 0.64544564 0.64544564 0.64544564 0.64544564 0.64544564
 0.64544564 0.64544564 0.64544564 0.64544564 0.64544564 0.64544564
 0.64544564 0.64544564 0.64544564 0.64544564 0.64544564 0.64544564
 0.64544564 0.64544564 0.64544564 0.64544564 0.64544564 0.64544564
 0.64544564 0.64544564 0.64544564 0.64544564 0.64544564 0.64544564
 0.64544564 0.64544564 0.64544564 0.64544564 0.64544564 0.64544564
 0.64544564 0.64544564 0.64544564 0.64544564 0.64544564 0.64544564
 0.64544564 0.64544564 0.64544564 0.64544564 0.64544564 0.64544564
 0.64544564 0.64544564 0.64544564 0.64544564 0.64544564 0.64544564
 0.64544564 0.64544564 0.64544564 0.64544564 0.64544564 0.64544564
 0.64544564 0.64544564 0.64544564 0.64544564 0.64544564 0.64544564
 0.64544564 0.64544564 0.64544564 0.64544564 0.64544564 0.64544564
 0.64544564 0.64544564 0.64544564 0.64544564 0.64544564 0.64544564
 0.64544564 0.64544564 0.64544564 0.64544564 0.64544564 0.64544564
 0.64544564 0.64544564 0.64544564 0.64544564 0.64544564 0.64544564
 0.64544564 0.64544564 0.64544564 0.64544564 0.64544564 0.64544564
 0.64544564 0.64544564 0.64544564 0.64544564 0.64544564 0.64544564
 0.64544564 0.64544564 0.64544564 0.64544564 0.64544564 0.64544564]
MCMC time = 75.10410475730896 sec
