N = 150
burn = 75
dim_like = 784
noise_var = 0.05
HMC acceptance ratio = 1.3692082190264188e-10
st_size = [0.67165333 0.67165333 0.67165333 0.67165333 0.67165333 0.67165333
 0.67165333 0.67165333 0.67165333 0.67165333 0.67165333 0.67165333
 0.67165333 0.67165333 0.67165333 0.67165333 0.67165333 0.67165333
 0.67165333 0.67165333 0.67165333 0.67165333 0.67165333 0.67165333
 0.67165333 0.67165333 0.67165333 0.67165333 0.67165333 0.67165333
 0.67165333 0.67165333 0.67165333 0.67165333 0.67165333 0.67165333
 0.67165333 0.67165333 0.67165333 0.67165333 0.67165333 0.67165333
 0.67165333 0.67165333 0.67165333 0.67165333 0.67165333 0.67165333
 0.67165333 0.67165333 0.67165333 0.67165333 0.67165333 0.67165333
 0.67165333 0.67165333 0.67165333 0.67165333 0.67165333 0.67165333
 0.67165333 0.67165333 0.67165333 0.67165333 0.67165333 0.67165333
 0.67165333 0.67165333 0.67165333 0.67165333 0.67165333 0.67165333
 0.67165333 0.67165333 0.67165333 0.67165333 0.67165333 0.67165333
 0.67165333 0.67165333 0.67165333 0.67165333 0.67165333 0.67165333
 0.67165333 0.67165333 0.67165333 0.67165333 0.67165333 0.67165333
 0.67165333 0.67165333 0.67165333 0.67165333 0.67165333 0.67165333
 0.67165333 0.67165333 0.67165333 0.67165333 0.67165333 0.67165333
 0.67165333 0.67165333 0.67165333 0.67165333 0.67165333 0.67165333
 0.67165333 0.67165333 0.67165333 0.67165333 0.67165333 0.67165333
 0.67165333 0.67165333 0.67165333 0.67165333 0.67165333 0.67165333
 0.67165333 0.67165333 0.67165333 0.67165333 0.67165333 0.67165333
 0.67165333 0.67165333 0.67165333 0.67165333 0.67165333 0.67165333
 0.67165333 0.67165333 0.67165333 0.67165333 0.67165333 0.67165333
 0.67165333 0.67165333 0.67165333 0.67165333 0.67165333 0.67165333
 0.67165333 0.67165333 0.67165333 0.67165333 0.67165333 0.67165333]
MCMC time = 74.54021430015564 sec
