N = 100
burn = 50
dim_like = 784
noise_var = 0.1
HMC acceptance ratio = 6.673053121630801e-06
st_size = [0.7720481 0.7720481 0.7720481 0.7720481 0.7720481 0.7720481 0.7720481
 0.7720481 0.7720481 0.7720481 0.7720481 0.7720481 0.7720481 0.7720481
 0.7720481 0.7720481 0.7720481 0.7720481 0.7720481 0.7720481 0.7720481
 0.7720481 0.7720481 0.7720481 0.7720481 0.7720481 0.7720481 0.7720481
 0.7720481 0.7720481 0.7720481 0.7720481 0.7720481 0.7720481 0.7720481
 0.7720481 0.7720481 0.7720481 0.7720481 0.7720481 0.7720481 0.7720481
 0.7720481 0.7720481 0.7720481 0.7720481 0.7720481 0.7720481 0.7720481
 0.7720481 0.7720481 0.7720481 0.7720481 0.7720481 0.7720481 0.7720481
 0.7720481 0.7720481 0.7720481 0.7720481 0.7720481 0.7720481 0.7720481
 0.7720481 0.7720481 0.7720481 0.7720481 0.7720481 0.7720481 0.7720481
 0.7720481 0.7720481 0.7720481 0.7720481 0.7720481 0.7720481 0.7720481
 0.7720481 0.7720481 0.7720481 0.7720481 0.7720481 0.7720481 0.7720481
 0.7720481 0.7720481 0.7720481 0.7720481 0.7720481 0.7720481 0.7720481
 0.7720481 0.7720481 0.7720481 0.7720481 0.7720481 0.7720481 0.7720481
 0.7720481 0.7720481]
MCMC time = 46.754727363586426 sec
