N = 150
burn = 75
dim_like = 784
noise_var = 0.1
HMC acceptance ratio = 0.006666666828095913
st_size = [0.68515354 0.68515354 0.68515354 0.68515354 0.68515354 0.68515354
 0.68515354 0.68515354 0.68515354 0.68515354 0.68515354 0.68515354
 0.68515354 0.68515354 0.68515354 0.68515354 0.68515354 0.68515354
 0.68515354 0.68515354 0.68515354 0.68515354 0.68515354 0.68515354
 0.68515354 0.68515354 0.68515354 0.68515354 0.68515354 0.68515354
 0.68515354 0.68515354 0.68515354 0.68515354 0.68515354 0.68515354
 0.68515354 0.68515354 0.68515354 0.68515354 0.68515354 0.68515354
 0.68515354 0.68515354 0.68515354 0.68515354 0.68515354 0.68515354
 0.68515354 0.68515354 0.68515354 0.68515354 0.68515354 0.68515354
 0.68515354 0.68515354 0.68515354 0.68515354 0.68515354 0.68515354
 0.68515354 0.68515354 0.68515354 0.68515354 0.68515354 0.68515354
 0.68515354 0.68515354 0.68515354 0.68515354 0.68515354 0.68515354
 0.68515354 0.68515354 0.68515354 0.68515354 0.68515354 0.68515354
 0.68515354 0.68515354 0.68515354 0.68515354 0.68515354 0.68515354
 0.68515354 0.68515354 0.68515354 0.68515354 0.68515354 0.68515354
 0.68515354 0.68515354 0.68515354 0.68515354 0.68515354 0.68515354
 0.68515354 0.68515354 0.68515354 0.68515354 0.68515354 0.68515354
 0.68515354 0.68515354 0.68515354 0.68515354 0.68515354 0.68515354
 0.68515354 0.68515354 0.68515354 0.68515354 0.68515354 0.68515354
 0.68515354 0.68515354 0.68515354 0.68515354 0.68515354 0.68515354
 0.68515354 0.68515354 0.68515354 0.68515354 0.68515354 0.68515354
 0.68515354 0.68515354 0.68515354 0.68515354 0.68515354 0.68515354
 0.68515354 0.68515354 0.68515354 0.68515354 0.68515354 0.68515354
 0.68515354 0.68515354 0.68515354 0.68515354 0.68515354 0.68515354
 0.68515354 0.68515354 0.68515354 0.68515354 0.68515354 0.68515354]
MCMC time = 67.77690625190735 sec
