N = 500
burn = 250
dim_like = 784
noise_var = 0.1
HMC acceptance ratio = 0.024130573496222496
st_size = [0.17704417 0.17704417 0.17704417 0.17704417 0.17704417 0.17704417
 0.17704417 0.17704417 0.17704417 0.17704417 0.17704417 0.17704417
 0.17704417 0.17704417 0.17704417 0.17704417 0.17704417 0.17704417
 0.17704417 0.17704417 0.17704417 0.17704417 0.17704417 0.17704417
 0.17704417 0.17704417 0.17704417 0.17704417 0.17704417 0.17704417
 0.17704417 0.17704417 0.17704417 0.17704417 0.17704417 0.17704417
 0.17704417 0.17704417 0.17704417 0.17704417 0.17704417 0.17704417
 0.17704417 0.17704417 0.17704417 0.17704417 0.17704417 0.17704417
 0.17704417 0.17704417 0.17704417 0.17704417 0.17704417 0.17704417
 0.17704417 0.17704417 0.17704417 0.17704417 0.17704417 0.17704417
 0.17704417 0.17704417 0.17704417 0.17704417 0.17704417 0.17704417
 0.17704417 0.17704417 0.17704417 0.17704417 0.17704417 0.17704417
 0.17704417 0.17704417 0.17704417 0.17704417 0.17704417 0.17704417
 0.17704417 0.17704417 0.17704417 0.17704417 0.17704417 0.17704417
 0.17704417 0.17704417 0.17704417 0.17704417 0.17704417 0.17704417
 0.17704417 0.17704417 0.17704417 0.17704417 0.17704417 0.17704417
 0.17704417 0.17704417 0.17704417 0.17704417 0.17704417 0.17704417
 0.17704417 0.17704417 0.17704417 0.17704417 0.17704417 0.17704417
 0.17704417 0.17704417 0.17704417 0.17704417 0.17704417 0.17704417
 0.17704417 0.17704417 0.17704417 0.17704417 0.17704417 0.17704417
 0.17704417 0.17704417 0.17704417 0.17704417 0.17704417 0.17704417
 0.17704417 0.17704417 0.17704417 0.17704417 0.17704417 0.17704417
 0.17704417 0.17704417 0.17704417 0.17704417 0.17704417 0.17704417
 0.17704417 0.17704417 0.17704417 0.17704417 0.17704417 0.17704417
 0.17704417 0.17704417 0.17704417 0.17704417 0.17704417 0.17704417
 0.17704417 0.17704417 0.17704417 0.17704417 0.17704417 0.17704417
 0.17704417 0.17704417 0.17704417 0.17704417 0.17704417 0.17704417
 0.17704417 0.17704417 0.17704417 0.17704417 0.17704417 0.17704417
 0.17704417 0.17704417 0.17704417 0.17704417 0.17704417 0.17704417
 0.17704417 0.17704417 0.17704417 0.17704417 0.17704417 0.17704417
 0.17704417 0.17704417 0.17704417 0.17704417 0.17704417 0.17704417
 0.17704417 0.17704417 0.17704417 0.17704417 0.17704417 0.17704417
 0.17704417 0.17704417 0.17704417 0.17704417 0.17704417 0.17704417
 0.17704417 0.17704417 0.17704417 0.17704417 0.17704417 0.17704417
 0.17704417 0.17704417 0.17704417 0.17704417 0.17704417 0.17704417
 0.17704417 0.17704417 0.17704417 0.17704417 0.17704417 0.17704417
 0.17704417 0.17704417 0.17704417 0.17704417 0.17704417 0.17704417
 0.17704417 0.17704417 0.17704417 0.17704417 0.17704417 0.17704417
 0.17704417 0.17704417 0.17704417 0.17704417 0.17704417 0.17704417
 0.17704417 0.17704417 0.17704417 0.17704417 0.17704417 0.17704417
 0.17704417 0.17704417 0.17704417 0.17704417 0.17704417 0.17704417
 0.17704417 0.17704417 0.17704417 0.17704417 0.17704417 0.17704417
 0.17704417 0.17704417 0.17704417 0.17704417 0.17704417 0.17704417
 0.17704417 0.17704417 0.17704417 0.17704417 0.17704417 0.17704417
 0.17704417 0.17704417 0.17704417 0.17704417 0.17704417 0.17704417
 0.17704417 0.17704417 0.17704417 0.17704417 0.17704417 0.17704417
 0.17704417 0.17704417 0.17704417 0.17704417 0.17704417 0.17704417
 0.17704417 0.17704417 0.17704417 0.17704417 0.17704417 0.17704417
 0.17704417 0.17704417 0.17704417 0.17704417 0.17704417 0.17704417
 0.17704417 0.17704417 0.17704417 0.17704417 0.17704417 0.17704417
 0.17704417 0.17704417 0.17704417 0.17704417 0.17704417 0.17704417
 0.17704417 0.17704417 0.17704417 0.17704417 0.17704417 0.17704417
 0.17704417 0.17704417 0.17704417 0.17704417 0.17704417 0.17704417
 0.17704417 0.17704417 0.17704417 0.17704417 0.17704417 0.17704417
 0.17704417 0.17704417 0.17704417 0.17704417 0.17704417 0.17704417
 0.17704417 0.17704417 0.17704417 0.17704417 0.17704417 0.17704417
 0.17704417 0.17704417 0.17704417 0.17704417 0.17704417 0.17704417
 0.17704417 0.17704417 0.17704417 0.17704417 0.17704417 0.17704417
 0.17704417 0.17704417 0.17704417 0.17704417 0.17704417 0.17704417
 0.17704417 0.17704417 0.17704417 0.17704417 0.17704417 0.17704417
 0.17704417 0.17704417 0.17704417 0.17704417 0.17704417 0.17704417
 0.17704417 0.17704417 0.17704417 0.17704417 0.17704417 0.17704417
 0.17704417 0.17704417 0.17704417 0.17704417 0.17704417 0.17704417
 0.17704417 0.17704417 0.17704417 0.17704417 0.17704417 0.17704417
 0.17704417 0.17704417 0.17704417 0.17704417 0.17704417 0.17704417
 0.17704417 0.17704417 0.17704417 0.17704417 0.17704417 0.17704417
 0.17704417 0.17704417 0.17704417 0.17704417 0.17704417 0.17704417
 0.17704417 0.17704417 0.17704417 0.17704417 0.17704417 0.17704417
 0.17704417 0.17704417 0.17704417 0.17704417 0.17704417 0.17704417
 0.17704417 0.17704417 0.17704417 0.17704417 0.17704417 0.17704417
 0.17704417 0.17704417 0.17704417 0.17704417 0.17704417 0.17704417
 0.17704417 0.17704417 0.17704417 0.17704417 0.17704417 0.17704417
 0.17704417 0.17704417 0.17704417 0.17704417 0.17704417 0.17704417
 0.17704417 0.17704417 0.17704417 0.17704417 0.17704417 0.17704417
 0.17704417 0.17704417 0.17704417 0.17704417 0.17704417 0.17704417
 0.17704417 0.17704417 0.17704417 0.17704417 0.17704417 0.17704417
 0.17704417 0.17704417 0.17704417 0.17704417 0.17704417 0.17704417
 0.17704417 0.17704417 0.17704417 0.17704417 0.17704417 0.17704417
 0.17704417 0.17704417 0.17704417 0.17704417 0.17704417 0.17704417
 0.17704417 0.17704417 0.17704417 0.17704417 0.17704417 0.17704417
 0.17704417 0.17704417 0.17704417 0.17704417 0.17704417 0.17704417
 0.17704417 0.17704417 0.17704417 0.17704417 0.17704417 0.17704417
 0.17704417 0.17704417 0.17704417 0.17704417 0.17704417 0.17704417
 0.17704417 0.17704417]
MCMC time = 152.6936740875244 sec
