N = 150
burn = 75
dim_like = 784
noise_var = 0.05
HMC acceptance ratio = 0.006666688714176416
st_size = [0.6202606 0.6202606 0.6202606 0.6202606 0.6202606 0.6202606 0.6202606
 0.6202606 0.6202606 0.6202606 0.6202606 0.6202606 0.6202606 0.6202606
 0.6202606 0.6202606 0.6202606 0.6202606 0.6202606 0.6202606 0.6202606
 0.6202606 0.6202606 0.6202606 0.6202606 0.6202606 0.6202606 0.6202606
 0.6202606 0.6202606 0.6202606 0.6202606 0.6202606 0.6202606 0.6202606
 0.6202606 0.6202606 0.6202606 0.6202606 0.6202606 0.6202606 0.6202606
 0.6202606 0.6202606 0.6202606 0.6202606 0.6202606 0.6202606 0.6202606
 0.6202606 0.6202606 0.6202606 0.6202606 0.6202606 0.6202606 0.6202606
 0.6202606 0.6202606 0.6202606 0.6202606 0.6202606 0.6202606 0.6202606
 0.6202606 0.6202606 0.6202606 0.6202606 0.6202606 0.6202606 0.6202606
 0.6202606 0.6202606 0.6202606 0.6202606 0.6202606 0.6202606 0.6202606
 0.6202606 0.6202606 0.6202606 0.6202606 0.6202606 0.6202606 0.6202606
 0.6202606 0.6202606 0.6202606 0.6202606 0.6202606 0.6202606 0.6202606
 0.6202606 0.6202606 0.6202606 0.6202606 0.6202606 0.6202606 0.6202606
 0.6202606 0.6202606 0.6202606 0.6202606 0.6202606 0.6202606 0.6202606
 0.6202606 0.6202606 0.6202606 0.6202606 0.6202606 0.6202606 0.6202606
 0.6202606 0.6202606 0.6202606 0.6202606 0.6202606 0.6202606 0.6202606
 0.6202606 0.6202606 0.6202606 0.6202606 0.6202606 0.6202606 0.6202606
 0.6202606 0.6202606 0.6202606 0.6202606 0.6202606 0.6202606 0.6202606
 0.6202606 0.6202606 0.6202606 0.6202606 0.6202606 0.6202606 0.6202606
 0.6202606 0.6202606 0.6202606 0.6202606 0.6202606 0.6202606 0.6202606
 0.6202606 0.6202606 0.6202606]
MCMC time = 70.47056722640991 sec
