N = 150
burn = 75
dim_like = 784
noise_var = 0.05
HMC acceptance ratio = 0.006666666828095913
st_size = [0.64544564 0.64544564 0.64544564 0.64544564 0.64544564 0.64544564
 0.64544564 0.64544564 0.64544564 0.64544564 0.64544564 0.64544564
 0.64544564 0.64544564 0.64544564 0.64544564 0.64544564 0.64544564
 0.64544564 0.64544564 0.64544564 0.64544564 0.64544564 0.64544564
 0.64544564 0.64544564 0.64544564 0.64544564 0.64544564 0.64544564
 0.64544564 0.64544564 0.64544564 0.64544564 0.64544564 0.64544564
 0.64544564 0.64544564 0.64544564 0.64544564 0.64544564 0.64544564
 0.64544564 0.64544564 0.64544564 0.64544564 0.64544564 0.64544564
 0.64544564 0.64544564 0.64544564 0.64544564 0.64544564 0.64544564
 0.64544564 0.64544564 0.64544564 0.64544564 0.64544564 0.64544564
 0.64544564 0.64544564 0.64544564 0.64544564 0.64544564 0.64544564
 0.64544564 0.64544564 0.64544564 0.64544564 0.64544564 0.64544564
 0.64544564 0.64544564 0.64544564 0.64544564 0.64544564 0.64544564
 0.64544564 0.64544564 0.64544564 0.64544564 0.64544564 0.64544564
 0.64544564 0.64544564 0.64544564 0.64544564 0.64544564 0.64544564
 0.64544564 0.64544564 0.64544564 0.64544564 0.64544564 0.64544564
 0.64544564 0.64544564 0.64544564 0.64544564 0.64544564 0.64544564
 0.64544564 0.64544564 0.64544564 0.64544564 0.64544564 0.64544564
 0.64544564 0.64544564 0.64544564 0.64544564 0.64544564 0.64544564
 0.64544564 0.64544564 0.64544564 0.64544564 0.64544564 0.64544564
 0.64544564 0.64544564 0.64544564 0.64544564 0.64544564 0.64544564
 0.64544564 0.64544564 0.64544564 0.64544564 0.64544564 0.64544564
 0.64544564 0.64544564 0.64544564 0.64544564 0.64544564 0.64544564
 0.64544564 0.64544564 0.64544564 0.64544564 0.64544564 0.64544564
 0.64544564 0.64544564 0.64544564 0.64544564 0.64544564 0.64544564]
MCMC time = 71.04241251945496 sec
