N = 150
burn = 75
dim_like = 784
noise_var = 0.05
HMC acceptance ratio = 4.849035114386652e-19
st_size = [0.68515354 0.68515354 0.68515354 0.68515354 0.68515354 0.68515354
 0.68515354 0.68515354 0.68515354 0.68515354 0.68515354 0.68515354
 0.68515354 0.68515354 0.68515354 0.68515354 0.68515354 0.68515354
 0.68515354 0.68515354 0.68515354 0.68515354 0.68515354 0.68515354
 0.68515354 0.68515354 0.68515354 0.68515354 0.68515354 0.68515354
 0.68515354 0.68515354 0.68515354 0.68515354 0.68515354 0.68515354
 0.68515354 0.68515354 0.68515354 0.68515354 0.68515354 0.68515354
 0.68515354 0.68515354 0.68515354 0.68515354 0.68515354 0.68515354
 0.68515354 0.68515354 0.68515354 0.68515354 0.68515354 0.68515354
 0.68515354 0.68515354 0.68515354 0.68515354 0.68515354 0.68515354
 0.68515354 0.68515354 0.68515354 0.68515354 0.68515354 0.68515354
 0.68515354 0.68515354 0.68515354 0.68515354 0.68515354 0.68515354
 0.68515354 0.68515354 0.68515354 0.68515354 0.68515354 0.68515354
 0.68515354 0.68515354 0.68515354 0.68515354 0.68515354 0.68515354
 0.68515354 0.68515354 0.68515354 0.68515354 0.68515354 0.68515354
 0.68515354 0.68515354 0.68515354 0.68515354 0.68515354 0.68515354
 0.68515354 0.68515354 0.68515354 0.68515354 0.68515354 0.68515354
 0.68515354 0.68515354 0.68515354 0.68515354 0.68515354 0.68515354
 0.68515354 0.68515354 0.68515354 0.68515354 0.68515354 0.68515354
 0.68515354 0.68515354 0.68515354 0.68515354 0.68515354 0.68515354
 0.68515354 0.68515354 0.68515354 0.68515354 0.68515354 0.68515354
 0.68515354 0.68515354 0.68515354 0.68515354 0.68515354 0.68515354
 0.68515354 0.68515354 0.68515354 0.68515354 0.68515354 0.68515354
 0.68515354 0.68515354 0.68515354 0.68515354 0.68515354 0.68515354
 0.68515354 0.68515354 0.68515354 0.68515354 0.68515354 0.68515354]
MCMC time = 75.50738453865051 sec
