N = 150
burn = 75
dim_like = 784
noise_var = 0.05
HMC acceptance ratio = 1.6828644033850537e-10
st_size = [0.65841913 0.65841913 0.65841913 0.65841913 0.65841913 0.65841913
 0.65841913 0.65841913 0.65841913 0.65841913 0.65841913 0.65841913
 0.65841913 0.65841913 0.65841913 0.65841913 0.65841913 0.65841913
 0.65841913 0.65841913 0.65841913 0.65841913 0.65841913 0.65841913
 0.65841913 0.65841913 0.65841913 0.65841913 0.65841913 0.65841913
 0.65841913 0.65841913 0.65841913 0.65841913 0.65841913 0.65841913
 0.65841913 0.65841913 0.65841913 0.65841913 0.65841913 0.65841913
 0.65841913 0.65841913 0.65841913 0.65841913 0.65841913 0.65841913
 0.65841913 0.65841913 0.65841913 0.65841913 0.65841913 0.65841913
 0.65841913 0.65841913 0.65841913 0.65841913 0.65841913 0.65841913
 0.65841913 0.65841913 0.65841913 0.65841913 0.65841913 0.65841913
 0.65841913 0.65841913 0.65841913 0.65841913 0.65841913 0.65841913
 0.65841913 0.65841913 0.65841913 0.65841913 0.65841913 0.65841913
 0.65841913 0.65841913 0.65841913 0.65841913 0.65841913 0.65841913
 0.65841913 0.65841913 0.65841913 0.65841913 0.65841913 0.65841913
 0.65841913 0.65841913 0.65841913 0.65841913 0.65841913 0.65841913
 0.65841913 0.65841913 0.65841913 0.65841913 0.65841913 0.65841913
 0.65841913 0.65841913 0.65841913 0.65841913 0.65841913 0.65841913
 0.65841913 0.65841913 0.65841913 0.65841913 0.65841913 0.65841913
 0.65841913 0.65841913 0.65841913 0.65841913 0.65841913 0.65841913
 0.65841913 0.65841913 0.65841913 0.65841913 0.65841913 0.65841913
 0.65841913 0.65841913 0.65841913 0.65841913 0.65841913 0.65841913
 0.65841913 0.65841913 0.65841913 0.65841913 0.65841913 0.65841913
 0.65841913 0.65841913 0.65841913 0.65841913 0.65841913 0.65841913
 0.65841913 0.65841913 0.65841913 0.65841913 0.65841913 0.65841913]
MCMC time = 74.50497913360596 sec
