N = 150
burn = 75
dim_like = 784
noise_var = 0.05
HMC acceptance ratio = 0.006666666828095913
st_size = [0.67165333 0.67165333 0.67165333 0.67165333 0.67165333 0.67165333
 0.67165333 0.67165333 0.67165333 0.67165333 0.67165333 0.67165333
 0.67165333 0.67165333 0.67165333 0.67165333 0.67165333 0.67165333
 0.67165333 0.67165333 0.67165333 0.67165333 0.67165333 0.67165333
 0.67165333 0.67165333 0.67165333 0.67165333 0.67165333 0.67165333
 0.67165333 0.67165333 0.67165333 0.67165333 0.67165333 0.67165333
 0.67165333 0.67165333 0.67165333 0.67165333 0.67165333 0.67165333
 0.67165333 0.67165333 0.67165333 0.67165333 0.67165333 0.67165333
 0.67165333 0.67165333 0.67165333 0.67165333 0.67165333 0.67165333
 0.67165333 0.67165333 0.67165333 0.67165333 0.67165333 0.67165333
 0.67165333 0.67165333 0.67165333 0.67165333 0.67165333 0.67165333
 0.67165333 0.67165333 0.67165333 0.67165333 0.67165333 0.67165333
 0.67165333 0.67165333 0.67165333 0.67165333 0.67165333 0.67165333
 0.67165333 0.67165333 0.67165333 0.67165333 0.67165333 0.67165333
 0.67165333 0.67165333 0.67165333 0.67165333 0.67165333 0.67165333
 0.67165333 0.67165333 0.67165333 0.67165333 0.67165333 0.67165333
 0.67165333 0.67165333 0.67165333 0.67165333 0.67165333 0.67165333
 0.67165333 0.67165333 0.67165333 0.67165333 0.67165333 0.67165333
 0.67165333 0.67165333 0.67165333 0.67165333 0.67165333 0.67165333
 0.67165333 0.67165333 0.67165333 0.67165333 0.67165333 0.67165333
 0.67165333 0.67165333 0.67165333 0.67165333 0.67165333 0.67165333
 0.67165333 0.67165333 0.67165333 0.67165333 0.67165333 0.67165333
 0.67165333 0.67165333 0.67165333 0.67165333 0.67165333 0.67165333
 0.67165333 0.67165333 0.67165333 0.67165333 0.67165333 0.67165333
 0.67165333 0.67165333 0.67165333 0.67165333 0.67165333 0.67165333]
MCMC time = 74.71794939041138 sec
