N = 150
burn = 75
dim_like = 784
noise_var = 0.05
HMC acceptance ratio = 0.02666666731238365
st_size = [0.6327278 0.6327278 0.6327278 0.6327278 0.6327278 0.6327278 0.6327278
 0.6327278 0.6327278 0.6327278 0.6327278 0.6327278 0.6327278 0.6327278
 0.6327278 0.6327278 0.6327278 0.6327278 0.6327278 0.6327278 0.6327278
 0.6327278 0.6327278 0.6327278 0.6327278 0.6327278 0.6327278 0.6327278
 0.6327278 0.6327278 0.6327278 0.6327278 0.6327278 0.6327278 0.6327278
 0.6327278 0.6327278 0.6327278 0.6327278 0.6327278 0.6327278 0.6327278
 0.6327278 0.6327278 0.6327278 0.6327278 0.6327278 0.6327278 0.6327278
 0.6327278 0.6327278 0.6327278 0.6327278 0.6327278 0.6327278 0.6327278
 0.6327278 0.6327278 0.6327278 0.6327278 0.6327278 0.6327278 0.6327278
 0.6327278 0.6327278 0.6327278 0.6327278 0.6327278 0.6327278 0.6327278
 0.6327278 0.6327278 0.6327278 0.6327278 0.6327278 0.6327278 0.6327278
 0.6327278 0.6327278 0.6327278 0.6327278 0.6327278 0.6327278 0.6327278
 0.6327278 0.6327278 0.6327278 0.6327278 0.6327278 0.6327278 0.6327278
 0.6327278 0.6327278 0.6327278 0.6327278 0.6327278 0.6327278 0.6327278
 0.6327278 0.6327278 0.6327278 0.6327278 0.6327278 0.6327278 0.6327278
 0.6327278 0.6327278 0.6327278 0.6327278 0.6327278 0.6327278 0.6327278
 0.6327278 0.6327278 0.6327278 0.6327278 0.6327278 0.6327278 0.6327278
 0.6327278 0.6327278 0.6327278 0.6327278 0.6327278 0.6327278 0.6327278
 0.6327278 0.6327278 0.6327278 0.6327278 0.6327278 0.6327278 0.6327278
 0.6327278 0.6327278 0.6327278 0.6327278 0.6327278 0.6327278 0.6327278
 0.6327278 0.6327278 0.6327278 0.6327278 0.6327278 0.6327278 0.6327278
 0.6327278 0.6327278 0.6327278]
MCMC time = 69.85146045684814 sec
