N = 150
burn = 75
dim_like = 784
noise_var = 0.05
HMC acceptance ratio = 9.77865588338634e-24
st_size = [0.65841913 0.65841913 0.65841913 0.65841913 0.65841913 0.65841913
 0.65841913 0.65841913 0.65841913 0.65841913 0.65841913 0.65841913
 0.65841913 0.65841913 0.65841913 0.65841913 0.65841913 0.65841913
 0.65841913 0.65841913 0.65841913 0.65841913 0.65841913 0.65841913
 0.65841913 0.65841913 0.65841913 0.65841913 0.65841913 0.65841913
 0.65841913 0.65841913 0.65841913 0.65841913 0.65841913 0.65841913
 0.65841913 0.65841913 0.65841913 0.65841913 0.65841913 0.65841913
 0.65841913 0.65841913 0.65841913 0.65841913 0.65841913 0.65841913
 0.65841913 0.65841913 0.65841913 0.65841913 0.65841913 0.65841913
 0.65841913 0.65841913 0.65841913 0.65841913 0.65841913 0.65841913
 0.65841913 0.65841913 0.65841913 0.65841913 0.65841913 0.65841913
 0.65841913 0.65841913 0.65841913 0.65841913 0.65841913 0.65841913
 0.65841913 0.65841913 0.65841913 0.65841913 0.65841913 0.65841913
 0.65841913 0.65841913 0.65841913 0.65841913 0.65841913 0.65841913
 0.65841913 0.65841913 0.65841913 0.65841913 0.65841913 0.65841913
 0.65841913 0.65841913 0.65841913 0.65841913 0.65841913 0.65841913
 0.65841913 0.65841913 0.65841913 0.65841913 0.65841913 0.65841913
 0.65841913 0.65841913 0.65841913 0.65841913 0.65841913 0.65841913
 0.65841913 0.65841913 0.65841913 0.65841913 0.65841913 0.65841913
 0.65841913 0.65841913 0.65841913 0.65841913 0.65841913 0.65841913
 0.65841913 0.65841913 0.65841913 0.65841913 0.65841913 0.65841913
 0.65841913 0.65841913 0.65841913 0.65841913 0.65841913 0.65841913
 0.65841913 0.65841913 0.65841913 0.65841913 0.65841913 0.65841913
 0.65841913 0.65841913 0.65841913 0.65841913 0.65841913 0.65841913
 0.65841913 0.65841913 0.65841913 0.65841913 0.65841913 0.65841913]
MCMC time = 70.93974280357361 sec
