N = 150
burn = 75
dim_like = 784
noise_var = 0.05
HMC acceptance ratio = 1.3116599319249647e-23
st_size = [0.6327278 0.6327278 0.6327278 0.6327278 0.6327278 0.6327278 0.6327278
 0.6327278 0.6327278 0.6327278 0.6327278 0.6327278 0.6327278 0.6327278
 0.6327278 0.6327278 0.6327278 0.6327278 0.6327278 0.6327278 0.6327278
 0.6327278 0.6327278 0.6327278 0.6327278 0.6327278 0.6327278 0.6327278
 0.6327278 0.6327278 0.6327278 0.6327278 0.6327278 0.6327278 0.6327278
 0.6327278 0.6327278 0.6327278 0.6327278 0.6327278 0.6327278 0.6327278
 0.6327278 0.6327278 0.6327278 0.6327278 0.6327278 0.6327278 0.6327278
 0.6327278 0.6327278 0.6327278 0.6327278 0.6327278 0.6327278 0.6327278
 0.6327278 0.6327278 0.6327278 0.6327278 0.6327278 0.6327278 0.6327278
 0.6327278 0.6327278 0.6327278 0.6327278 0.6327278 0.6327278 0.6327278
 0.6327278 0.6327278 0.6327278 0.6327278 0.6327278 0.6327278 0.6327278
 0.6327278 0.6327278 0.6327278 0.6327278 0.6327278 0.6327278 0.6327278
 0.6327278 0.6327278 0.6327278 0.6327278 0.6327278 0.6327278 0.6327278
 0.6327278 0.6327278 0.6327278 0.6327278 0.6327278 0.6327278 0.6327278
 0.6327278 0.6327278 0.6327278 0.6327278 0.6327278 0.6327278 0.6327278
 0.6327278 0.6327278 0.6327278 0.6327278 0.6327278 0.6327278 0.6327278
 0.6327278 0.6327278 0.6327278 0.6327278 0.6327278 0.6327278 0.6327278
 0.6327278 0.6327278 0.6327278 0.6327278 0.6327278 0.6327278 0.6327278
 0.6327278 0.6327278 0.6327278 0.6327278 0.6327278 0.6327278 0.6327278
 0.6327278 0.6327278 0.6327278 0.6327278 0.6327278 0.6327278 0.6327278
 0.6327278 0.6327278 0.6327278 0.6327278 0.6327278 0.6327278 0.6327278
 0.6327278 0.6327278 0.6327278]
MCMC time = 70.20150876045227 sec
