N = 150
burn = 75
dim_like = 784
noise_var = 0.01
HMC acceptance ratio = 0.013333333656191826
st_size = [0.71297354 0.71297354 0.71297354 0.71297354 0.71297354 0.71297354
 0.71297354 0.71297354 0.71297354 0.71297354 0.71297354 0.71297354
 0.71297354 0.71297354 0.71297354 0.71297354 0.71297354 0.71297354
 0.71297354 0.71297354 0.71297354 0.71297354 0.71297354 0.71297354
 0.71297354 0.71297354 0.71297354 0.71297354 0.71297354 0.71297354
 0.71297354 0.71297354 0.71297354 0.71297354 0.71297354 0.71297354
 0.71297354 0.71297354 0.71297354 0.71297354 0.71297354 0.71297354
 0.71297354 0.71297354 0.71297354 0.71297354 0.71297354 0.71297354
 0.71297354 0.71297354 0.71297354 0.71297354 0.71297354 0.71297354
 0.71297354 0.71297354 0.71297354 0.71297354 0.71297354 0.71297354
 0.71297354 0.71297354 0.71297354 0.71297354 0.71297354 0.71297354
 0.71297354 0.71297354 0.71297354 0.71297354 0.71297354 0.71297354
 0.71297354 0.71297354 0.71297354 0.71297354 0.71297354 0.71297354
 0.71297354 0.71297354 0.71297354 0.71297354 0.71297354 0.71297354
 0.71297354 0.71297354 0.71297354 0.71297354 0.71297354 0.71297354
 0.71297354 0.71297354 0.71297354 0.71297354 0.71297354 0.71297354
 0.71297354 0.71297354 0.71297354 0.71297354 0.71297354 0.71297354
 0.71297354 0.71297354 0.71297354 0.71297354 0.71297354 0.71297354
 0.71297354 0.71297354 0.71297354 0.71297354 0.71297354 0.71297354
 0.71297354 0.71297354 0.71297354 0.71297354 0.71297354 0.71297354
 0.71297354 0.71297354 0.71297354 0.71297354 0.71297354 0.71297354
 0.71297354 0.71297354 0.71297354 0.71297354 0.71297354 0.71297354
 0.71297354 0.71297354 0.71297354 0.71297354 0.71297354 0.71297354
 0.71297354 0.71297354 0.71297354 0.71297354 0.71297354 0.71297354
 0.71297354 0.71297354 0.71297354 0.71297354 0.71297354 0.71297354]
MCMC time = 79.13914108276367 sec
