N = 150
burn = 75
dim_like = 784
noise_var = 0.01
HMC acceptance ratio = 0.0
st_size = [0.68515354 0.68515354 0.68515354 0.68515354 0.68515354 0.68515354
 0.68515354 0.68515354 0.68515354 0.68515354 0.68515354 0.68515354
 0.68515354 0.68515354 0.68515354 0.68515354 0.68515354 0.68515354
 0.68515354 0.68515354 0.68515354 0.68515354 0.68515354 0.68515354
 0.68515354 0.68515354 0.68515354 0.68515354 0.68515354 0.68515354
 0.68515354 0.68515354 0.68515354 0.68515354 0.68515354 0.68515354
 0.68515354 0.68515354 0.68515354 0.68515354 0.68515354 0.68515354
 0.68515354 0.68515354 0.68515354 0.68515354 0.68515354 0.68515354
 0.68515354 0.68515354 0.68515354 0.68515354 0.68515354 0.68515354
 0.68515354 0.68515354 0.68515354 0.68515354 0.68515354 0.68515354
 0.68515354 0.68515354 0.68515354 0.68515354 0.68515354 0.68515354
 0.68515354 0.68515354 0.68515354 0.68515354 0.68515354 0.68515354
 0.68515354 0.68515354 0.68515354 0.68515354 0.68515354 0.68515354
 0.68515354 0.68515354 0.68515354 0.68515354 0.68515354 0.68515354
 0.68515354 0.68515354 0.68515354 0.68515354 0.68515354 0.68515354
 0.68515354 0.68515354 0.68515354 0.68515354 0.68515354 0.68515354
 0.68515354 0.68515354 0.68515354 0.68515354 0.68515354 0.68515354
 0.68515354 0.68515354 0.68515354 0.68515354 0.68515354 0.68515354
 0.68515354 0.68515354 0.68515354 0.68515354 0.68515354 0.68515354
 0.68515354 0.68515354 0.68515354 0.68515354 0.68515354 0.68515354
 0.68515354 0.68515354 0.68515354 0.68515354 0.68515354 0.68515354
 0.68515354 0.68515354 0.68515354 0.68515354 0.68515354 0.68515354
 0.68515354 0.68515354 0.68515354 0.68515354 0.68515354 0.68515354
 0.68515354 0.68515354 0.68515354 0.68515354 0.68515354 0.68515354
 0.68515354 0.68515354 0.68515354 0.68515354 0.68515354 0.68515354]
MCMC time = 79.65737628936768 sec
