N = 150
burn = 75
dim_like = 784
noise_var = 0.01
HMC acceptance ratio = 9.854835614009757e-26
st_size = [0.67165333 0.67165333 0.67165333 0.67165333 0.67165333 0.67165333
 0.67165333 0.67165333 0.67165333 0.67165333 0.67165333 0.67165333
 0.67165333 0.67165333 0.67165333 0.67165333 0.67165333 0.67165333
 0.67165333 0.67165333 0.67165333 0.67165333 0.67165333 0.67165333
 0.67165333 0.67165333 0.67165333 0.67165333 0.67165333 0.67165333
 0.67165333 0.67165333 0.67165333 0.67165333 0.67165333 0.67165333
 0.67165333 0.67165333 0.67165333 0.67165333 0.67165333 0.67165333
 0.67165333 0.67165333 0.67165333 0.67165333 0.67165333 0.67165333
 0.67165333 0.67165333 0.67165333 0.67165333 0.67165333 0.67165333
 0.67165333 0.67165333 0.67165333 0.67165333 0.67165333 0.67165333
 0.67165333 0.67165333 0.67165333 0.67165333 0.67165333 0.67165333
 0.67165333 0.67165333 0.67165333 0.67165333 0.67165333 0.67165333
 0.67165333 0.67165333 0.67165333 0.67165333 0.67165333 0.67165333
 0.67165333 0.67165333 0.67165333 0.67165333 0.67165333 0.67165333
 0.67165333 0.67165333 0.67165333 0.67165333 0.67165333 0.67165333
 0.67165333 0.67165333 0.67165333 0.67165333 0.67165333 0.67165333
 0.67165333 0.67165333 0.67165333 0.67165333 0.67165333 0.67165333
 0.67165333 0.67165333 0.67165333 0.67165333 0.67165333 0.67165333
 0.67165333 0.67165333 0.67165333 0.67165333 0.67165333 0.67165333
 0.67165333 0.67165333 0.67165333 0.67165333 0.67165333 0.67165333
 0.67165333 0.67165333 0.67165333 0.67165333 0.67165333 0.67165333
 0.67165333 0.67165333 0.67165333 0.67165333 0.67165333 0.67165333
 0.67165333 0.67165333 0.67165333 0.67165333 0.67165333 0.67165333
 0.67165333 0.67165333 0.67165333 0.67165333 0.67165333 0.67165333
 0.67165333 0.67165333 0.67165333 0.67165333 0.67165333 0.67165333]
MCMC time = 77.28816390037537 sec
