N = 150
burn = 75
dim_like = 784
noise_var = 0.01
HMC acceptance ratio = 4.044002304093762e-17
st_size = [0.68515354 0.68515354 0.68515354 0.68515354 0.68515354 0.68515354
 0.68515354 0.68515354 0.68515354 0.68515354 0.68515354 0.68515354
 0.68515354 0.68515354 0.68515354 0.68515354 0.68515354 0.68515354
 0.68515354 0.68515354 0.68515354 0.68515354 0.68515354 0.68515354
 0.68515354 0.68515354 0.68515354 0.68515354 0.68515354 0.68515354
 0.68515354 0.68515354 0.68515354 0.68515354 0.68515354 0.68515354
 0.68515354 0.68515354 0.68515354 0.68515354 0.68515354 0.68515354
 0.68515354 0.68515354 0.68515354 0.68515354 0.68515354 0.68515354
 0.68515354 0.68515354 0.68515354 0.68515354 0.68515354 0.68515354
 0.68515354 0.68515354 0.68515354 0.68515354 0.68515354 0.68515354
 0.68515354 0.68515354 0.68515354 0.68515354 0.68515354 0.68515354
 0.68515354 0.68515354 0.68515354 0.68515354 0.68515354 0.68515354
 0.68515354 0.68515354 0.68515354 0.68515354 0.68515354 0.68515354
 0.68515354 0.68515354 0.68515354 0.68515354 0.68515354 0.68515354
 0.68515354 0.68515354 0.68515354 0.68515354 0.68515354 0.68515354
 0.68515354 0.68515354 0.68515354 0.68515354 0.68515354 0.68515354
 0.68515354 0.68515354 0.68515354 0.68515354 0.68515354 0.68515354
 0.68515354 0.68515354 0.68515354 0.68515354 0.68515354 0.68515354
 0.68515354 0.68515354 0.68515354 0.68515354 0.68515354 0.68515354
 0.68515354 0.68515354 0.68515354 0.68515354 0.68515354 0.68515354
 0.68515354 0.68515354 0.68515354 0.68515354 0.68515354 0.68515354
 0.68515354 0.68515354 0.68515354 0.68515354 0.68515354 0.68515354
 0.68515354 0.68515354 0.68515354 0.68515354 0.68515354 0.68515354
 0.68515354 0.68515354 0.68515354 0.68515354 0.68515354 0.68515354
 0.68515354 0.68515354 0.68515354 0.68515354 0.68515354 0.68515354]
MCMC time = 78.42686533927917 sec
