N = 150
burn = 75
dim_like = 784
noise_var = 0.01
HMC acceptance ratio = 0.006666666828095913
st_size = [0.6327278 0.6327278 0.6327278 0.6327278 0.6327278 0.6327278 0.6327278
 0.6327278 0.6327278 0.6327278 0.6327278 0.6327278 0.6327278 0.6327278
 0.6327278 0.6327278 0.6327278 0.6327278 0.6327278 0.6327278 0.6327278
 0.6327278 0.6327278 0.6327278 0.6327278 0.6327278 0.6327278 0.6327278
 0.6327278 0.6327278 0.6327278 0.6327278 0.6327278 0.6327278 0.6327278
 0.6327278 0.6327278 0.6327278 0.6327278 0.6327278 0.6327278 0.6327278
 0.6327278 0.6327278 0.6327278 0.6327278 0.6327278 0.6327278 0.6327278
 0.6327278 0.6327278 0.6327278 0.6327278 0.6327278 0.6327278 0.6327278
 0.6327278 0.6327278 0.6327278 0.6327278 0.6327278 0.6327278 0.6327278
 0.6327278 0.6327278 0.6327278 0.6327278 0.6327278 0.6327278 0.6327278
 0.6327278 0.6327278 0.6327278 0.6327278 0.6327278 0.6327278 0.6327278
 0.6327278 0.6327278 0.6327278 0.6327278 0.6327278 0.6327278 0.6327278
 0.6327278 0.6327278 0.6327278 0.6327278 0.6327278 0.6327278 0.6327278
 0.6327278 0.6327278 0.6327278 0.6327278 0.6327278 0.6327278 0.6327278
 0.6327278 0.6327278 0.6327278 0.6327278 0.6327278 0.6327278 0.6327278
 0.6327278 0.6327278 0.6327278 0.6327278 0.6327278 0.6327278 0.6327278
 0.6327278 0.6327278 0.6327278 0.6327278 0.6327278 0.6327278 0.6327278
 0.6327278 0.6327278 0.6327278 0.6327278 0.6327278 0.6327278 0.6327278
 0.6327278 0.6327278 0.6327278 0.6327278 0.6327278 0.6327278 0.6327278
 0.6327278 0.6327278 0.6327278 0.6327278 0.6327278 0.6327278 0.6327278
 0.6327278 0.6327278 0.6327278 0.6327278 0.6327278 0.6327278 0.6327278
 0.6327278 0.6327278 0.6327278]
MCMC time = 77.23960709571838 sec
