N = 150
burn = 75
dim_like = 784
noise_var = 0.01
HMC acceptance ratio = 3.901219791657695e-09
st_size = [0.6202606 0.6202606 0.6202606 0.6202606 0.6202606 0.6202606 0.6202606
 0.6202606 0.6202606 0.6202606 0.6202606 0.6202606 0.6202606 0.6202606
 0.6202606 0.6202606 0.6202606 0.6202606 0.6202606 0.6202606 0.6202606
 0.6202606 0.6202606 0.6202606 0.6202606 0.6202606 0.6202606 0.6202606
 0.6202606 0.6202606 0.6202606 0.6202606 0.6202606 0.6202606 0.6202606
 0.6202606 0.6202606 0.6202606 0.6202606 0.6202606 0.6202606 0.6202606
 0.6202606 0.6202606 0.6202606 0.6202606 0.6202606 0.6202606 0.6202606
 0.6202606 0.6202606 0.6202606 0.6202606 0.6202606 0.6202606 0.6202606
 0.6202606 0.6202606 0.6202606 0.6202606 0.6202606 0.6202606 0.6202606
 0.6202606 0.6202606 0.6202606 0.6202606 0.6202606 0.6202606 0.6202606
 0.6202606 0.6202606 0.6202606 0.6202606 0.6202606 0.6202606 0.6202606
 0.6202606 0.6202606 0.6202606 0.6202606 0.6202606 0.6202606 0.6202606
 0.6202606 0.6202606 0.6202606 0.6202606 0.6202606 0.6202606 0.6202606
 0.6202606 0.6202606 0.6202606 0.6202606 0.6202606 0.6202606 0.6202606
 0.6202606 0.6202606 0.6202606 0.6202606 0.6202606 0.6202606 0.6202606
 0.6202606 0.6202606 0.6202606 0.6202606 0.6202606 0.6202606 0.6202606
 0.6202606 0.6202606 0.6202606 0.6202606 0.6202606 0.6202606 0.6202606
 0.6202606 0.6202606 0.6202606 0.6202606 0.6202606 0.6202606 0.6202606
 0.6202606 0.6202606 0.6202606 0.6202606 0.6202606 0.6202606 0.6202606
 0.6202606 0.6202606 0.6202606 0.6202606 0.6202606 0.6202606 0.6202606
 0.6202606 0.6202606 0.6202606 0.6202606 0.6202606 0.6202606 0.6202606
 0.6202606 0.6202606 0.6202606]
MCMC time = 76.62841153144836 sec
