N = 150
burn = 75
dim_like = 784
noise_var = 0.01
HMC acceptance ratio = 0.006666666828095913
st_size = [0.65841913 0.65841913 0.65841913 0.65841913 0.65841913 0.65841913
 0.65841913 0.65841913 0.65841913 0.65841913 0.65841913 0.65841913
 0.65841913 0.65841913 0.65841913 0.65841913 0.65841913 0.65841913
 0.65841913 0.65841913 0.65841913 0.65841913 0.65841913 0.65841913
 0.65841913 0.65841913 0.65841913 0.65841913 0.65841913 0.65841913
 0.65841913 0.65841913 0.65841913 0.65841913 0.65841913 0.65841913
 0.65841913 0.65841913 0.65841913 0.65841913 0.65841913 0.65841913
 0.65841913 0.65841913 0.65841913 0.65841913 0.65841913 0.65841913
 0.65841913 0.65841913 0.65841913 0.65841913 0.65841913 0.65841913
 0.65841913 0.65841913 0.65841913 0.65841913 0.65841913 0.65841913
 0.65841913 0.65841913 0.65841913 0.65841913 0.65841913 0.65841913
 0.65841913 0.65841913 0.65841913 0.65841913 0.65841913 0.65841913
 0.65841913 0.65841913 0.65841913 0.65841913 0.65841913 0.65841913
 0.65841913 0.65841913 0.65841913 0.65841913 0.65841913 0.65841913
 0.65841913 0.65841913 0.65841913 0.65841913 0.65841913 0.65841913
 0.65841913 0.65841913 0.65841913 0.65841913 0.65841913 0.65841913
 0.65841913 0.65841913 0.65841913 0.65841913 0.65841913 0.65841913
 0.65841913 0.65841913 0.65841913 0.65841913 0.65841913 0.65841913
 0.65841913 0.65841913 0.65841913 0.65841913 0.65841913 0.65841913
 0.65841913 0.65841913 0.65841913 0.65841913 0.65841913 0.65841913
 0.65841913 0.65841913 0.65841913 0.65841913 0.65841913 0.65841913
 0.65841913 0.65841913 0.65841913 0.65841913 0.65841913 0.65841913
 0.65841913 0.65841913 0.65841913 0.65841913 0.65841913 0.65841913
 0.65841913 0.65841913 0.65841913 0.65841913 0.65841913 0.65841913
 0.65841913 0.65841913 0.65841913 0.65841913 0.65841913 0.65841913]
MCMC time = 75.62701153755188 sec
