N = 150
burn = 75
dim_like = 784
noise_var = 0.01
HMC acceptance ratio = 3.2085858058395242e-27
st_size = [0.64544564 0.64544564 0.64544564 0.64544564 0.64544564 0.64544564
 0.64544564 0.64544564 0.64544564 0.64544564 0.64544564 0.64544564
 0.64544564 0.64544564 0.64544564 0.64544564 0.64544564 0.64544564
 0.64544564 0.64544564 0.64544564 0.64544564 0.64544564 0.64544564
 0.64544564 0.64544564 0.64544564 0.64544564 0.64544564 0.64544564
 0.64544564 0.64544564 0.64544564 0.64544564 0.64544564 0.64544564
 0.64544564 0.64544564 0.64544564 0.64544564 0.64544564 0.64544564
 0.64544564 0.64544564 0.64544564 0.64544564 0.64544564 0.64544564
 0.64544564 0.64544564 0.64544564 0.64544564 0.64544564 0.64544564
 0.64544564 0.64544564 0.64544564 0.64544564 0.64544564 0.64544564
 0.64544564 0.64544564 0.64544564 0.64544564 0.64544564 0.64544564
 0.64544564 0.64544564 0.64544564 0.64544564 0.64544564 0.64544564
 0.64544564 0.64544564 0.64544564 0.64544564 0.64544564 0.64544564
 0.64544564 0.64544564 0.64544564 0.64544564 0.64544564 0.64544564
 0.64544564 0.64544564 0.64544564 0.64544564 0.64544564 0.64544564
 0.64544564 0.64544564 0.64544564 0.64544564 0.64544564 0.64544564
 0.64544564 0.64544564 0.64544564 0.64544564 0.64544564 0.64544564
 0.64544564 0.64544564 0.64544564 0.64544564 0.64544564 0.64544564
 0.64544564 0.64544564 0.64544564 0.64544564 0.64544564 0.64544564
 0.64544564 0.64544564 0.64544564 0.64544564 0.64544564 0.64544564
 0.64544564 0.64544564 0.64544564 0.64544564 0.64544564 0.64544564
 0.64544564 0.64544564 0.64544564 0.64544564 0.64544564 0.64544564
 0.64544564 0.64544564 0.64544564 0.64544564 0.64544564 0.64544564
 0.64544564 0.64544564 0.64544564 0.64544564 0.64544564 0.64544564
 0.64544564 0.64544564 0.64544564 0.64544564 0.64544564 0.64544564]
MCMC time = 76.93623661994934 sec
