N = 150
burn = 75
dim_like = 784
noise_var = 0.05
HMC acceptance ratio = 0.019683288410305977
st_size = [0.67165333 0.67165333 0.67165333 0.67165333 0.67165333 0.67165333
 0.67165333 0.67165333 0.67165333 0.67165333 0.67165333 0.67165333
 0.67165333 0.67165333 0.67165333 0.67165333 0.67165333 0.67165333
 0.67165333 0.67165333 0.67165333 0.67165333 0.67165333 0.67165333
 0.67165333 0.67165333 0.67165333 0.67165333 0.67165333 0.67165333
 0.67165333 0.67165333 0.67165333 0.67165333 0.67165333 0.67165333
 0.67165333 0.67165333 0.67165333 0.67165333 0.67165333 0.67165333
 0.67165333 0.67165333 0.67165333 0.67165333 0.67165333 0.67165333
 0.67165333 0.67165333 0.67165333 0.67165333 0.67165333 0.67165333
 0.67165333 0.67165333 0.67165333 0.67165333 0.67165333 0.67165333
 0.67165333 0.67165333 0.67165333 0.67165333 0.67165333 0.67165333
 0.67165333 0.67165333 0.67165333 0.67165333 0.67165333 0.67165333
 0.67165333 0.67165333 0.67165333 0.67165333 0.67165333 0.67165333
 0.67165333 0.67165333 0.67165333 0.67165333 0.67165333 0.67165333
 0.67165333 0.67165333 0.67165333 0.67165333 0.67165333 0.67165333
 0.67165333 0.67165333 0.67165333 0.67165333 0.67165333 0.67165333
 0.67165333 0.67165333 0.67165333 0.67165333 0.67165333 0.67165333
 0.67165333 0.67165333 0.67165333 0.67165333 0.67165333 0.67165333
 0.67165333 0.67165333 0.67165333 0.67165333 0.67165333 0.67165333
 0.67165333 0.67165333 0.67165333 0.67165333 0.67165333 0.67165333
 0.67165333 0.67165333 0.67165333 0.67165333 0.67165333 0.67165333
 0.67165333 0.67165333 0.67165333 0.67165333 0.67165333 0.67165333
 0.67165333 0.67165333 0.67165333 0.67165333 0.67165333 0.67165333
 0.67165333 0.67165333 0.67165333 0.67165333 0.67165333 0.67165333
 0.67165333 0.67165333 0.67165333 0.67165333 0.67165333 0.67165333]
MCMC time = 75.8504536151886 sec
