N = 150
burn = 75
dim_like = 784
noise_var = 0.05
HMC acceptance ratio = 3.9791503425590236e-12
st_size = [0.68515354 0.68515354 0.68515354 0.68515354 0.68515354 0.68515354
 0.68515354 0.68515354 0.68515354 0.68515354 0.68515354 0.68515354
 0.68515354 0.68515354 0.68515354 0.68515354 0.68515354 0.68515354
 0.68515354 0.68515354 0.68515354 0.68515354 0.68515354 0.68515354
 0.68515354 0.68515354 0.68515354 0.68515354 0.68515354 0.68515354
 0.68515354 0.68515354 0.68515354 0.68515354 0.68515354 0.68515354
 0.68515354 0.68515354 0.68515354 0.68515354 0.68515354 0.68515354
 0.68515354 0.68515354 0.68515354 0.68515354 0.68515354 0.68515354
 0.68515354 0.68515354 0.68515354 0.68515354 0.68515354 0.68515354
 0.68515354 0.68515354 0.68515354 0.68515354 0.68515354 0.68515354
 0.68515354 0.68515354 0.68515354 0.68515354 0.68515354 0.68515354
 0.68515354 0.68515354 0.68515354 0.68515354 0.68515354 0.68515354
 0.68515354 0.68515354 0.68515354 0.68515354 0.68515354 0.68515354
 0.68515354 0.68515354 0.68515354 0.68515354 0.68515354 0.68515354
 0.68515354 0.68515354 0.68515354 0.68515354 0.68515354 0.68515354
 0.68515354 0.68515354 0.68515354 0.68515354 0.68515354 0.68515354
 0.68515354 0.68515354 0.68515354 0.68515354 0.68515354 0.68515354
 0.68515354 0.68515354 0.68515354 0.68515354 0.68515354 0.68515354
 0.68515354 0.68515354 0.68515354 0.68515354 0.68515354 0.68515354
 0.68515354 0.68515354 0.68515354 0.68515354 0.68515354 0.68515354
 0.68515354 0.68515354 0.68515354 0.68515354 0.68515354 0.68515354
 0.68515354 0.68515354 0.68515354 0.68515354 0.68515354 0.68515354
 0.68515354 0.68515354 0.68515354 0.68515354 0.68515354 0.68515354
 0.68515354 0.68515354 0.68515354 0.68515354 0.68515354 0.68515354
 0.68515354 0.68515354 0.68515354 0.68515354 0.68515354 0.68515354]
MCMC time = 74.99565482139587 sec
